<?xml version="1.0" encoding="UTF-8"?>
<testsuite xmlns:xsi="http://www.w3.org/2001/XMLSchema-instance" xsi:noNamespaceSchemaLocation="https://maven.apache.org/surefire/maven-surefire-plugin/xsd/surefire-test-report-3.0.xsd" version="3.0" name="com.montoy.facturacion.services.implementations.ClienteServiceImplTest" time="2.944" tests="4" errors="0" skipped="0" failures="0">
  <properties>
[...]
</properties>
  <testcase name="retrieveClientes" classname="com.montoy.facturacion.services.implementations.ClienteServiceImplTest" time="0.313">
    <system-out><![CDATA[2024-07-29T13:35:51.258-03:00  INFO 8084 --- [           main] t.c.s.AnnotationConfigContextLoaderUtils : Could not detect default configuration classes for test class [com.montoy.facturacion.services.implementations.ClienteServiceImplTest]: ClienteServiceImplTest does not declare any static, non-private, non-final, nested classes annotated with @Configuration.
2024-07-29T13:35:51.436-03:00  INFO 8084 --- [           main] .b.t.c.SpringBootTestContextBootstrapper : Found @SpringBootConfiguration com.montoy.facturacion.FacturacionSimpleBackendApplication for test class com.montoy.facturacion.services.implementations.ClienteServiceImplTest

  .   ____          _            __ _ _
 /\\ / ___'_ __ _ _(_)_ __  __ _ \ \ \ \
( ( )\___ | '_ | '_| | '_ \/ _` | \ \ \ \
 \\/  ___)| |_)| | | | | || (_| |  ) ) ) )
  '  |____| .__|_| |_|_| |_\__, | / / / /
 =========|_|==============|___/=/_/_/_/
 :: Spring Boot ::                (v3.2.1)

2024-07-29T13:35:51.530-03:00  INFO 8084 --- [           main] c.m.f.s.i.ClienteServiceImplTest         : Starting ClienteServiceImplTest using Java 21 with PID 8084 (started by Desktop in G:\Devs Projects\Java Spring Boot\facturacion)
2024-07-29T13:35:51.530-03:00  INFO 8084 --- [           main] c.m.f.s.i.ClienteServiceImplTest         : No active profile set, falling back to 1 default profile: "default"
2024-07-29T13:35:51.774-03:00  INFO 8084 --- [           main] .s.d.r.c.RepositoryConfigurationDelegate : Multiple Spring Data modules found, entering strict repository configuration mode
2024-07-29T13:35:51.775-03:00  INFO 8084 --- [           main] .s.d.r.c.RepositoryConfigurationDelegate : Bootstrapping Spring Data JPA repositories in DEFAULT mode.
2024-07-29T13:35:51.824-03:00  INFO 8084 --- [           main] .s.d.r.c.RepositoryConfigurationDelegate : Finished Spring Data repository scanning in 49 ms. Found 8 JPA repository interfaces.
2024-07-29T13:35:51.861-03:00  INFO 8084 --- [           main] beddedDataSourceBeanFactoryPostProcessor : Replacing 'dataSource' DataSource bean with embedded version
2024-07-29T13:35:51.919-03:00  INFO 8084 --- [           main] o.s.j.d.e.EmbeddedDatabaseFactory        : Starting embedded database: url='jdbc:h2:mem:294601c0-75fa-44e8-8670-be2e4502cc0c;DB_CLOSE_DELAY=-1;DB_CLOSE_ON_EXIT=false', username='sa'
2024-07-29T13:35:51.966-03:00  INFO 8084 --- [           main] o.hibernate.jpa.internal.util.LogHelper  : HHH000204: Processing PersistenceUnitInfo [name: default]
2024-07-29T13:35:51.973-03:00  INFO 8084 --- [           main] o.h.c.internal.RegionFactoryInitiator    : HHH000026: Second-level cache disabled
2024-07-29T13:35:51.982-03:00  INFO 8084 --- [           main] o.s.o.j.p.SpringPersistenceUnitInfo      : No LoadTimeWeaver setup: ignoring JPA class transformer
2024-07-29T13:35:52.847-03:00  INFO 8084 --- [           main] o.h.e.t.j.p.i.JtaPlatformInitiator       : HHH000489: No JTA platform available (set 'hibernate.transaction.jta.platform' to enable JTA platform integration)
Hibernate: create table ajustes_stock (id bigint generated by default as identity, fecha_ajuste timestamp(6) not null, primary key (id))
Hibernate: create table clientes (id bigint generated by default as identity, de_alta boolean not null, direccion varchar(255), email varchar(255), telefono varchar(255), primary key (id))
Hibernate: create table clientes_pers_fis (dni integer not null, apellido varchar(255), nombre varchar(255), cliente_id bigint not null, primary key (cliente_id))
Hibernate: create table clientes_pers_jur (cuit_cuil varchar(255) not null, razon_social varchar(255), cliente_id bigint not null, primary key (cliente_id))
Hibernate: create table codigos_prod_prov (id bigint generated by default as identity, codigo varchar(255) not null, producto_id bigint, proveedor_id bigint, primary key (id))
Hibernate: create table entradas_stock (id bigint generated by default as identity, fecha_entrada timestamp(6) not null, proveedor_id bigint, primary key (id))
Hibernate: create table facturas (id bigint generated by default as identity, fecha_emision timestamp(6) not null, cliente_id bigint, primary key (id))
Hibernate: create table itemsajustes (id bigint generated by default as identity, cantidad_ajuste float(53), diferencia_ajuste float(53), nombre_producto varchar(255), ajuste_id bigint, producto_id bigint, primary key (id))
Hibernate: create table itemsentradas (id bigint generated by default as identity, cantidad float(53), nombre_producto varchar(255), precio_costo float(53), productocode_id bigint, proveedor_id bigint, entrada_id bigint not null, producto_id bigint, primary key (id))
Hibernate: create table itemsfacturas (id bigint generated by default as identity, cantidad float(53), nombre_producto varchar(255), precio float(53), factura_id bigint not null, producto_id bigint, primary key (id))
Hibernate: create table itemssalidas (id bigint generated by default as identity, cantidad float(53), nombre_producto varchar(255), precio_costo float(53), producto_id bigint, salida_id bigint not null, primary key (id))
Hibernate: create table marcas (id bigint generated by default as identity, descripcion varchar(255), nombre varchar(255) not null, primary key (id))
Hibernate: create table planillas_stock (id bigint generated by default as identity, cantidad_critica decimal, cantidad_stock decimal, cantidad_ultima_entrada decimal, cantidad_ultima_salida decimal, diferencia_ajuste decimal, fecha_ultima_entrada timestamp(6), fecha_ultima_salida timestamp(6), fecha_ultimo_ajuste timestamp(6), primary key (id))
Hibernate: create table producto_stock (planilla_id bigint, producto_id bigint not null, primary key (producto_id))
Hibernate: create table productos (id bigint generated by default as identity, codigo varchar(255) not null, descripcion varchar(1024), fecha_creacion timestamp(6), fecha_modificacion timestamp(6), fecha_modificacion_precio timestamp(6), nombre varchar(255) not null, precio decimal, marca_id bigint, rubro_id bigint, primary key (id))
Hibernate: create table proveedores (id bigint generated by default as identity, de_alta boolean not null, direccion varchar(255), email varchar(255), telefono varchar(255), primary key (id))
Hibernate: create table proveedores_pers_fis (dni integer not null, apellido varchar(255), nombre varchar(255), proveedor_id bigint not null, primary key (proveedor_id))
Hibernate: create table proveedores_pers_jur (cuit_cuil varchar(255) not null, razon_social varchar(255), proveedor_id bigint not null, primary key (proveedor_id))
Hibernate: create table rubros (id bigint generated by default as identity, descripcion varchar(1024), nivel_rubro integer not null, nombre varchar(255) not null, rubro_id bigint, primary key (id))
Hibernate: create table salidas_stock (id bigint generated by default as identity, fecha_salida timestamp(6) not null, motivo varchar(255), primary key (id))
Hibernate: alter table if exists clientes_pers_fis drop constraint if exists UK_mhsce4wu446ir9uljvo558bi2
Hibernate: alter table if exists clientes_pers_fis add constraint UK_mhsce4wu446ir9uljvo558bi2 unique (dni)
Hibernate: alter table if exists clientes_pers_jur drop constraint if exists UK_1e4e7di0hliecfwo4pj8yaefj
Hibernate: alter table if exists clientes_pers_jur add constraint UK_1e4e7di0hliecfwo4pj8yaefj unique (cuit_cuil)
Hibernate: alter table if exists codigos_prod_prov drop constraint if exists UK6k1n4rllx5kkh886e49ajqcrg
Hibernate: alter table if exists codigos_prod_prov add constraint UK6k1n4rllx5kkh886e49ajqcrg unique (producto_id, proveedor_id)
Hibernate: alter table if exists itemsfacturas drop constraint if exists UKl3comjoxdbdxfakon8pkrpsjk
Hibernate: alter table if exists itemsfacturas add constraint UKl3comjoxdbdxfakon8pkrpsjk unique (producto_id, factura_id)
Hibernate: alter table if exists marcas drop constraint if exists UK_f9j5vnky0egidx9qqqa4gbf85
Hibernate: alter table if exists marcas add constraint UK_f9j5vnky0egidx9qqqa4gbf85 unique (nombre)
Hibernate: alter table if exists producto_stock drop constraint if exists UK_g7i9o3cv2vjwkypewt50k63jc
Hibernate: alter table if exists producto_stock add constraint UK_g7i9o3cv2vjwkypewt50k63jc unique (planilla_id)
Hibernate: alter table if exists productos drop constraint if exists UK_h04wpyqwddobltuqq56cp6s05
Hibernate: alter table if exists productos add constraint UK_h04wpyqwddobltuqq56cp6s05 unique (codigo)
Hibernate: alter table if exists proveedores_pers_fis drop constraint if exists UK_qxghdnv7pxmssc7j5kfyvl5ww
Hibernate: alter table if exists proveedores_pers_fis add constraint UK_qxghdnv7pxmssc7j5kfyvl5ww unique (dni)
Hibernate: alter table if exists proveedores_pers_jur drop constraint if exists UK_lm8t7lptyqell1bsvxqonien8
Hibernate: alter table if exists proveedores_pers_jur add constraint UK_lm8t7lptyqell1bsvxqonien8 unique (cuit_cuil)
Hibernate: alter table if exists rubros drop constraint if exists UK_laj7lr5ake0hann40gju15i9v
Hibernate: alter table if exists rubros add constraint UK_laj7lr5ake0hann40gju15i9v unique (nombre)
Hibernate: alter table if exists clientes_pers_fis add constraint FKoyu5dk5hd8x8rdjr3q6n2kxod foreign key (cliente_id) references clientes
Hibernate: alter table if exists clientes_pers_jur add constraint FKdb1sxd6ac3qa8d53qyvt8p768 foreign key (cliente_id) references clientes
Hibernate: alter table if exists codigos_prod_prov add constraint FKrilraln4qhmjg268svv39defj foreign key (producto_id) references productos
Hibernate: alter table if exists codigos_prod_prov add constraint FKklqjs2h2684dyt0gxh2d1rm3w foreign key (proveedor_id) references proveedores
Hibernate: alter table if exists entradas_stock add constraint FKil7q77xii0ppaplpnkhr3hgb0 foreign key (proveedor_id) references proveedores
Hibernate: alter table if exists facturas add constraint FK1qiuk10rfkovhlfpsk7oic0v8 foreign key (cliente_id) references clientes
Hibernate: alter table if exists itemsajustes add constraint FKo3urxt9vdkkhynjagc0dej18q foreign key (ajuste_id) references ajustes_stock
Hibernate: alter table if exists itemsajustes add constraint FK41qmxvmbekuujfa70oyrbo9fm foreign key (producto_id) references productos
Hibernate: alter table if exists itemsentradas add constraint FKa4t3nn2uhfs1apoeml9b3xdjm foreign key (productocode_id, proveedor_id) references codigos_prod_prov (producto_id, proveedor_id)
Hibernate: alter table if exists itemsentradas add constraint FKmwhtbehpi36jyprl6ktf85e22 foreign key (entrada_id) references entradas_stock
Hibernate: alter table if exists itemsentradas add constraint FK8hg8nsqvtq16tbm0q2vrhr5f0 foreign key (producto_id) references productos
Hibernate: alter table if exists itemsfacturas add constraint FKiuiqlf15uxyrjhb8svvpdriia foreign key (factura_id) references facturas
Hibernate: alter table if exists itemsfacturas add constraint FKr3auqcwfvokil9fo6ge5lab9t foreign key (producto_id) references productos
Hibernate: alter table if exists itemssalidas add constraint FKgjgiuqch2y17tvvjvoykgbxf4 foreign key (producto_id) references productos
Hibernate: alter table if exists itemssalidas add constraint FKlom9y28u7rje11ja8sexd0avh foreign key (salida_id) references salidas_stock
Hibernate: alter table if exists producto_stock add constraint FKofrnuhgwh6138jr1e5b3tcqow foreign key (planilla_id) references planillas_stock
Hibernate: alter table if exists producto_stock add constraint FK7mja41fo799cfp9j5fk4jv6c1 foreign key (producto_id) references productos
Hibernate: alter table if exists productos add constraint FK2k6lj04qqala7kgd526xduxgn foreign key (marca_id) references marcas
Hibernate: alter table if exists productos add constraint FK3aqf224x9cq30xqp4ua3fjufc foreign key (rubro_id) references rubros
Hibernate: alter table if exists proveedores_pers_fis add constraint FKt8c50qh9d5ciajtf7e1ffeclj foreign key (proveedor_id) references proveedores
Hibernate: alter table if exists proveedores_pers_jur add constraint FKskr54xjvww656kxqcj1r4gn9r foreign key (proveedor_id) references proveedores
Hibernate: alter table if exists rubros add constraint FK8ehw6t56v0yd435i8y0o3436p foreign key (rubro_id) references rubros
2024-07-29T13:35:52.942-03:00  INFO 8084 --- [           main] j.LocalContainerEntityManagerFactoryBean : Initialized JPA EntityManagerFactory for persistence unit 'default'
2024-07-29T13:35:53.686-03:00  INFO 8084 --- [           main] c.m.f.s.i.ClienteServiceImplTest         : Started ClienteServiceImplTest in 2.242 seconds (process running for 19.317)
Hibernate: select c1_0.id,case when c1_1.cliente_id is not null then 1 when c1_2.cliente_id is not null then 2 end,c1_0.de_alta,c1_0.direccion,c1_0.email,c1_0.telefono,c1_1.dni,c1_1.apellido,c1_1.nombre,c1_2.cuit_cuil,c1_2.razon_social from clientes c1_0 left join clientes_pers_fis c1_1 on c1_0.id=c1_1.cliente_id left join clientes_pers_jur c1_2 on c1_0.id=c1_2.cliente_id
]]></system-out>
  </testcase>
  <testcase name="actualizarCliente" classname="com.montoy.facturacion.services.implementations.ClienteServiceImplTest" time="0.051">
    <system-out><![CDATA[Hibernate: select c1_0.id,case when c1_1.cliente_id is not null then 1 when c1_2.cliente_id is not null then 2 end,c1_0.de_alta,c1_0.direccion,c1_0.email,c1_0.telefono,c1_1.dni,c1_1.apellido,c1_1.nombre,c1_2.cuit_cuil,c1_2.razon_social from clientes c1_0 left join clientes_pers_fis c1_1 on c1_0.id=c1_1.cliente_id left join clientes_pers_jur c1_2 on c1_0.id=c1_2.cliente_id where c1_0.id=?
]]></system-out>
  </testcase>
  <testcase name="agregarCliente" classname="com.montoy.facturacion.services.implementations.ClienteServiceImplTest" time="0.101">
    <system-out><![CDATA[Hibernate: insert into clientes (de_alta,direccion,email,telefono,id) values (?,?,?,?,default)
Hibernate: insert into clientes_pers_fis (dni,apellido,nombre,cliente_id) values (?,?,?,?)
Hibernate: select c1_0.id,case when c1_1.cliente_id is not null then 1 when c1_2.cliente_id is not null then 2 end,c1_0.de_alta,c1_0.direccion,c1_0.email,c1_0.telefono,c1_1.dni,c1_1.apellido,c1_1.nombre,c1_2.cuit_cuil,c1_2.razon_social from clientes c1_0 left join clientes_pers_fis c1_1 on c1_0.id=c1_1.cliente_id left join clientes_pers_jur c1_2 on c1_0.id=c1_2.cliente_id
]]></system-out>
  </testcase>
  <testcase name="retrieveByID" classname="com.montoy.facturacion.services.implementations.ClienteServiceImplTest" time="0.014">
    <system-out><![CDATA[Hibernate: select c1_0.id,case when c1_1.cliente_id is not null then 1 when c1_2.cliente_id is not null then 2 end,c1_0.de_alta,c1_0.direccion,c1_0.email,c1_0.telefono,c1_1.dni,c1_1.apellido,c1_1.nombre,c1_2.cuit_cuil,c1_2.razon_social from clientes c1_0 left join clientes_pers_fis c1_1 on c1_0.id=c1_1.cliente_id left join clientes_pers_jur c1_2 on c1_0.id=c1_2.cliente_id where c1_0.id=?
]]></system-out>
  </testcase>
</testsuite>